<?xml version="1.0" encoding="UTF-8"?>
<!-- Generated by org.testng.reporters.JUnitReportReporter -->
<testsuite skipped="1" hostname="LAPTOP-3M5A5R3N" name="app.pp.HomepageTest" tests="7" failures="0" timestamp="23 Feb 2019 01:10:14 GMT" time="6.413" errors="0">
  <testcase name="verifySuccessfulLogin" time="2.652" classname="app.pp.HomepageTest"/>
  <testcase name="isInviteuserButtonseen" time="0.034" classname="app.pp.HomepageTest"/>
  <testcase name="isMenubuttonClicked" time="0.182" classname="app.pp.HomepageTest"/>
  <testcase name="isHelpbuttonDisplayed" time="0.041" classname="app.pp.HomepageTest"/>
  <testcase name="isSettingimageButtonDisplayed" time="3.449" classname="app.pp.HomepageTest"/>
  <testcase name="isPinbuttonDisplayed" time="0.055" classname="app.pp.HomepageTest"/>
  <testcase name="verifyText" classname="app.pp.HomepageTest">
    <skipped/>
  </testcase> <!-- verifyText -->
</testsuite> <!-- app.pp.HomepageTest -->
