<?xml version="1.0" encoding="UTF-8"?>
<!-- Generated by org.testng.reporters.JUnitReportReporter -->
<testsuite skipped="1" hostname="LAPTOP-3M5A5R3N" name="app.pp.SignInTest" tests="4" failures="0" timestamp="21 Feb 2019 21:48:58 GMT" time="1.628" errors="0">
  <testcase name="verifyPagetitle" time="0.065" classname="app.pp.SignInTest"/>
  <testcase name="isLogoimageDisplayed" time="0.033" classname="app.pp.SignInTest"/>
  <testcase name="fillLogindetails" time="1.530" classname="app.pp.SignInTest"/>
  <testcase name="loginWithInValidemail" classname="app.pp.SignInTest">
    <skipped/>
  </testcase> <!-- loginWithInValidemail -->
</testsuite> <!-- app.pp.SignInTest -->
